c:\users\gawai\desktop\d3d\solution\abcd\3deditor\include\release\3deditor.pch
c:\users\gawai\desktop\d3d\solution\abcd\3deditor\include\release\vc140.pdb
c:\users\gawai\desktop\d3d\solution\abcd\3deditor\include\release\stdafx.obj
c:\users\gawai\desktop\d3d\solution\abcd\3deditor\include\release\player.obj
c:\users\gawai\desktop\d3d\solution\abcd\3deditor\include\release\testcamera.obj
c:\users\gawai\desktop\d3d\solution\abcd\3deditor\include\release\terrain.obj
c:\users\gawai\desktop\d3d\solution\abcd\3deditor\include\release\staticobject.obj
c:\users\gawai\desktop\d3d\solution\abcd\3deditor\include\release\projectview.obj
c:\users\gawai\desktop\d3d\solution\abcd\3deditor\include\release\outdoor.obj
c:\users\gawai\desktop\d3d\solution\abcd\3deditor\include\release\mainfrm.obj
c:\users\gawai\desktop\d3d\solution\abcd\3deditor\include\release\maineditor.obj
c:\users\gawai\desktop\d3d\solution\abcd\3deditor\include\release\inspectorview.obj
c:\users\gawai\desktop\d3d\solution\abcd\3deditor\include\release\hierarchyview.obj
c:\users\gawai\desktop\d3d\solution\abcd\3deditor\include\release\featureview.obj
c:\users\gawai\desktop\d3d\solution\abcd\3deditor\include\release\editorscene.obj
c:\users\gawai\desktop\d3d\solution\abcd\3deditor\include\release\dynamiccamera.obj
c:\users\gawai\desktop\d3d\solution\abcd\3deditor\include\release\mymap.obj
c:\users\gawai\desktop\d3d\solution\abcd\3deditor\include\release\monster.obj
c:\users\gawai\desktop\d3d\solution\abcd\3deditor\include\release\editorlogo.obj
c:\users\gawai\desktop\d3d\solution\abcd\3deditor\include\release\editorloading.obj
c:\users\gawai\desktop\d3d\solution\abcd\3deditor\include\release\background.obj
c:\users\gawai\desktop\d3d\solution\abcd\3deditor\include\release\3deditorview.obj
c:\users\gawai\desktop\d3d\solution\abcd\3deditor\include\release\3deditordoc.obj
c:\users\gawai\desktop\d3d\solution\abcd\3deditor\include\release\3deditor.obj
c:\users\gawai\desktop\d3d\solution\abcd\3deditor\include\release\3deditor.res
c:\users\gawai\desktop\d3d\solution\abcd\3deditor\include\release\3deditor.tlog\cl.command.1.tlog
c:\users\gawai\desktop\d3d\solution\abcd\3deditor\include\release\3deditor.tlog\cl.read.1.tlog
c:\users\gawai\desktop\d3d\solution\abcd\3deditor\include\release\3deditor.tlog\cl.write.1.tlog
c:\users\gawai\desktop\d3d\solution\abcd\3deditor\include\release\3deditor.tlog\link.command.1.tlog
c:\users\gawai\desktop\d3d\solution\abcd\3deditor\include\release\3deditor.tlog\link.read.1.tlog
c:\users\gawai\desktop\d3d\solution\abcd\3deditor\include\release\3deditor.tlog\link.write.1.tlog
c:\users\gawai\desktop\d3d\solution\abcd\3deditor\include\release\3deditor.tlog\rc.command.1.tlog
c:\users\gawai\desktop\d3d\solution\abcd\3deditor\include\release\3deditor.tlog\rc.read.1.tlog
c:\users\gawai\desktop\d3d\solution\abcd\3deditor\include\release\3deditor.tlog\rc.write.1.tlog
