  InspectorView.cpp
c:\users\gawai\desktop\d3d\solution\abcd\3deditor\code\inspectorview.cpp(19): warning C4005: 'new': 매크로 재정의
  c:\users\gawai\desktop\d3d\solution\abcd\reference\header\engine_define.h(35): note: 'new'의 이전 정의를 참조하십시오.
c:\users\gawai\desktop\d3d\solution\abcd\3deditor\code\inspectorview.cpp(120): warning C4244: '인수': 'Engine::_float'에서 'short'(으)로 변환하면서 데이터가 손실될 수 있습니다.
c:\users\gawai\desktop\d3d\solution\abcd\3deditor\code\inspectorview.cpp(121): warning C4244: '인수': 'float'에서 'int'(으)로 변환하면서 데이터가 손실될 수 있습니다.
c:\users\gawai\desktop\d3d\solution\abcd\3deditor\code\inspectorview.cpp(122): warning C4244: '인수': 'Engine::_float'에서 'short'(으)로 변환하면서 데이터가 손실될 수 있습니다.
c:\users\gawai\desktop\d3d\solution\abcd\3deditor\code\inspectorview.cpp(123): warning C4244: '인수': 'float'에서 'int'(으)로 변환하면서 데이터가 손실될 수 있습니다.
c:\users\gawai\desktop\d3d\solution\abcd\3deditor\code\inspectorview.cpp(124): warning C4244: '인수': 'Engine::_float'에서 'short'(으)로 변환하면서 데이터가 손실될 수 있습니다.
c:\users\gawai\desktop\d3d\solution\abcd\3deditor\code\inspectorview.cpp(125): warning C4244: '인수': 'float'에서 'int'(으)로 변환하면서 데이터가 손실될 수 있습니다.
c:\users\gawai\desktop\d3d\solution\abcd\3deditor\code\inspectorview.cpp(127): warning C4244: '인수': 'Engine::_float'에서 'short'(으)로 변환하면서 데이터가 손실될 수 있습니다.
c:\users\gawai\desktop\d3d\solution\abcd\3deditor\code\inspectorview.cpp(128): warning C4244: '인수': 'float'에서 'int'(으)로 변환하면서 데이터가 손실될 수 있습니다.
c:\users\gawai\desktop\d3d\solution\abcd\3deditor\code\inspectorview.cpp(129): warning C4244: '인수': 'Engine::_float'에서 'short'(으)로 변환하면서 데이터가 손실될 수 있습니다.
c:\users\gawai\desktop\d3d\solution\abcd\3deditor\code\inspectorview.cpp(130): warning C4244: '인수': 'float'에서 'int'(으)로 변환하면서 데이터가 손실될 수 있습니다.
c:\users\gawai\desktop\d3d\solution\abcd\3deditor\code\inspectorview.cpp(131): warning C4244: '인수': 'Engine::_float'에서 'short'(으)로 변환하면서 데이터가 손실될 수 있습니다.
c:\users\gawai\desktop\d3d\solution\abcd\3deditor\code\inspectorview.cpp(132): warning C4244: '인수': 'float'에서 'int'(으)로 변환하면서 데이터가 손실될 수 있습니다.
c:\users\gawai\desktop\d3d\solution\abcd\3deditor\code\inspectorview.cpp(134): warning C4244: '인수': 'Engine::_float'에서 'short'(으)로 변환하면서 데이터가 손실될 수 있습니다.
c:\users\gawai\desktop\d3d\solution\abcd\3deditor\code\inspectorview.cpp(135): warning C4244: '인수': 'float'에서 'int'(으)로 변환하면서 데이터가 손실될 수 있습니다.
c:\users\gawai\desktop\d3d\solution\abcd\3deditor\code\inspectorview.cpp(136): warning C4244: '인수': 'Engine::_float'에서 'short'(으)로 변환하면서 데이터가 손실될 수 있습니다.
c:\users\gawai\desktop\d3d\solution\abcd\3deditor\code\inspectorview.cpp(137): warning C4244: '인수': 'float'에서 'int'(으)로 변환하면서 데이터가 손실될 수 있습니다.
c:\users\gawai\desktop\d3d\solution\abcd\3deditor\code\inspectorview.cpp(138): warning C4244: '인수': 'Engine::_float'에서 'short'(으)로 변환하면서 데이터가 손실될 수 있습니다.
c:\users\gawai\desktop\d3d\solution\abcd\3deditor\code\inspectorview.cpp(139): warning C4244: '인수': 'float'에서 'int'(으)로 변환하면서 데이터가 손실될 수 있습니다.
c:\users\gawai\desktop\d3d\solution\abcd\3deditor\code\inspectorview.cpp(160): warning C4244: '인수': 'float'에서 'int'(으)로 변환하면서 데이터가 손실될 수 있습니다.
c:\users\gawai\desktop\d3d\solution\abcd\3deditor\code\inspectorview.cpp(164): warning C4244: '인수': 'float'에서 'int'(으)로 변환하면서 데이터가 손실될 수 있습니다.
c:\users\gawai\desktop\d3d\solution\abcd\3deditor\code\inspectorview.cpp(168): warning C4244: '인수': 'float'에서 'int'(으)로 변환하면서 데이터가 손실될 수 있습니다.
c:\users\gawai\desktop\d3d\solution\abcd\3deditor\code\inspectorview.cpp(176): warning C4244: '인수': 'float'에서 'int'(으)로 변환하면서 데이터가 손실될 수 있습니다.
c:\users\gawai\desktop\d3d\solution\abcd\3deditor\code\inspectorview.cpp(180): warning C4244: '인수': 'float'에서 'int'(으)로 변환하면서 데이터가 손실될 수 있습니다.
c:\users\gawai\desktop\d3d\solution\abcd\3deditor\code\inspectorview.cpp(184): warning C4244: '인수': 'float'에서 'int'(으)로 변환하면서 데이터가 손실될 수 있습니다.
c:\users\gawai\desktop\d3d\solution\abcd\3deditor\code\inspectorview.cpp(192): warning C4244: '인수': 'float'에서 'int'(으)로 변환하면서 데이터가 손실될 수 있습니다.
c:\users\gawai\desktop\d3d\solution\abcd\3deditor\code\inspectorview.cpp(196): warning C4244: '인수': 'float'에서 'int'(으)로 변환하면서 데이터가 손실될 수 있습니다.
c:\users\gawai\desktop\d3d\solution\abcd\3deditor\code\inspectorview.cpp(200): warning C4244: '인수': 'float'에서 'int'(으)로 변환하면서 데이터가 손실될 수 있습니다.
c:\users\gawai\desktop\d3d\solution\abcd\3deditor\code\inspectorview.cpp(226): warning C4244: '인수': 'double'에서 'Engine::_float'(으)로 변환하면서 데이터가 손실될 수 있습니다.
c:\users\gawai\desktop\d3d\solution\abcd\3deditor\code\inspectorview.cpp(238): warning C4244: '인수': 'double'에서 'Engine::_float'(으)로 변환하면서 데이터가 손실될 수 있습니다.
c:\users\gawai\desktop\d3d\solution\abcd\3deditor\code\inspectorview.cpp(250): warning C4244: '인수': 'double'에서 'Engine::_float'(으)로 변환하면서 데이터가 손실될 수 있습니다.
c:\users\gawai\desktop\d3d\solution\abcd\3deditor\code\inspectorview.cpp(262): warning C4244: '인수': 'double'에서 'Engine::_float'(으)로 변환하면서 데이터가 손실될 수 있습니다.
c:\users\gawai\desktop\d3d\solution\abcd\3deditor\code\inspectorview.cpp(274): warning C4244: '인수': 'double'에서 'Engine::_float'(으)로 변환하면서 데이터가 손실될 수 있습니다.
c:\users\gawai\desktop\d3d\solution\abcd\3deditor\code\inspectorview.cpp(286): warning C4244: '인수': 'double'에서 'Engine::_float'(으)로 변환하면서 데이터가 손실될 수 있습니다.
c:\users\gawai\desktop\d3d\solution\abcd\3deditor\code\inspectorview.cpp(298): warning C4244: '인수': 'double'에서 'Engine::_float'(으)로 변환하면서 데이터가 손실될 수 있습니다.
c:\users\gawai\desktop\d3d\solution\abcd\3deditor\code\inspectorview.cpp(310): warning C4244: '인수': 'double'에서 'Engine::_float'(으)로 변환하면서 데이터가 손실될 수 있습니다.
c:\users\gawai\desktop\d3d\solution\abcd\3deditor\code\inspectorview.cpp(322): warning C4244: '인수': 'double'에서 'Engine::_float'(으)로 변환하면서 데이터가 손실될 수 있습니다.
3DEditorDoc.obj : warning LNK4258: '/entry:WinMainCRTStartup' 지시문은 '/ENTRY:wWinMainCRTStartup' 스위치와 호환되지 않습니다. 무시됩니다.
3DEditorView.obj : warning LNK4258: '/entry:WinMainCRTStartup' 지시문은 '/ENTRY:wWinMainCRTStartup' 스위치와 호환되지 않습니다. 무시됩니다.
BackGround.obj : warning LNK4258: '/entry:WinMainCRTStartup' 지시문은 '/ENTRY:wWinMainCRTStartup' 스위치와 호환되지 않습니다. 무시됩니다.
EditorLoading.obj : warning LNK4258: '/entry:WinMainCRTStartup' 지시문은 '/ENTRY:wWinMainCRTStartup' 스위치와 호환되지 않습니다. 무시됩니다.
EditorLogo.obj : warning LNK4258: '/entry:WinMainCRTStartup' 지시문은 '/ENTRY:wWinMainCRTStartup' 스위치와 호환되지 않습니다. 무시됩니다.
Monster.obj : warning LNK4258: '/entry:WinMainCRTStartup' 지시문은 '/ENTRY:wWinMainCRTStartup' 스위치와 호환되지 않습니다. 무시됩니다.
MyMap.obj : warning LNK4258: '/entry:WinMainCRTStartup' 지시문은 '/ENTRY:wWinMainCRTStartup' 스위치와 호환되지 않습니다. 무시됩니다.
DynamicCamera.obj : warning LNK4258: '/entry:WinMainCRTStartup' 지시문은 '/ENTRY:wWinMainCRTStartup' 스위치와 호환되지 않습니다. 무시됩니다.
EditorScene.obj : warning LNK4258: '/entry:WinMainCRTStartup' 지시문은 '/ENTRY:wWinMainCRTStartup' 스위치와 호환되지 않습니다. 무시됩니다.
FeatureView.obj : warning LNK4258: '/entry:WinMainCRTStartup' 지시문은 '/ENTRY:wWinMainCRTStartup' 스위치와 호환되지 않습니다. 무시됩니다.
HierarchyView.obj : warning LNK4258: '/entry:WinMainCRTStartup' 지시문은 '/ENTRY:wWinMainCRTStartup' 스위치와 호환되지 않습니다. 무시됩니다.
InspectorView.obj : warning LNK4258: '/entry:WinMainCRTStartup' 지시문은 '/ENTRY:wWinMainCRTStartup' 스위치와 호환되지 않습니다. 무시됩니다.
MainEditor.obj : warning LNK4258: '/entry:WinMainCRTStartup' 지시문은 '/ENTRY:wWinMainCRTStartup' 스위치와 호환되지 않습니다. 무시됩니다.
MainFrm.obj : warning LNK4258: '/entry:WinMainCRTStartup' 지시문은 '/ENTRY:wWinMainCRTStartup' 스위치와 호환되지 않습니다. 무시됩니다.
ProjectView.obj : warning LNK4258: '/entry:WinMainCRTStartup' 지시문은 '/ENTRY:wWinMainCRTStartup' 스위치와 호환되지 않습니다. 무시됩니다.
StaticObject.obj : warning LNK4258: '/entry:WinMainCRTStartup' 지시문은 '/ENTRY:wWinMainCRTStartup' 스위치와 호환되지 않습니다. 무시됩니다.
Terrain.obj : warning LNK4258: '/entry:WinMainCRTStartup' 지시문은 '/ENTRY:wWinMainCRTStartup' 스위치와 호환되지 않습니다. 무시됩니다.
TestCamera.obj : warning LNK4258: '/entry:WinMainCRTStartup' 지시문은 '/ENTRY:wWinMainCRTStartup' 스위치와 호환되지 않습니다. 무시됩니다.
Player.obj : warning LNK4258: '/entry:WinMainCRTStartup' 지시문은 '/ENTRY:wWinMainCRTStartup' 스위치와 호환되지 않습니다. 무시됩니다.
3DEditor.obj : warning LNK4258: '/entry:WinMainCRTStartup' 지시문은 '/ENTRY:wWinMainCRTStartup' 스위치와 호환되지 않습니다. 무시됩니다.
stdafx.obj : warning LNK4258: '/entry:WinMainCRTStartup' 지시문은 '/ENTRY:wWinMainCRTStartup' 스위치와 호환되지 않습니다. 무시됩니다.
     ../Bin\3DEditor.lib 라이브러리 및 ../Bin\3DEditor.exp 개체를 생성하고 있습니다.
  3DEditor.vcxproj -> C:\Users\gawai\Desktop\d3d\solution\ABCD\3DEditor\Include\../Bin\3DEditor.exe
  3DEditor.vcxproj -> ../Bin\3DEditor.pdb (Partial PDB)
