c:\users\gawai\documents\3d_portfolio\3deditor\default\x64\debug\3deditor.pch
c:\users\gawai\documents\3d_portfolio\3deditor\default\x64\debug\vc140.pdb
c:\users\gawai\documents\3d_portfolio\3deditor\default\x64\debug\vc140.idb
c:\users\gawai\documents\3d_portfolio\3deditor\default\x64\debug\stdafx.obj
c:\users\gawai\documents\3d_portfolio\3deditor\default\x64\debug\3deditor.obj
c:\users\gawai\documents\3d_portfolio\3deditor\default\x64\debug\player.obj
c:\users\gawai\documents\3d_portfolio\3deditor\default\x64\debug\mapobject.obj
c:\users\gawai\documents\3d_portfolio\3deditor\default\x64\debug\mainfrm.obj
c:\users\gawai\documents\3d_portfolio\3deditor\default\x64\debug\maineditor.obj
c:\users\gawai\documents\3d_portfolio\3deditor\default\x64\debug\inspectorview.obj
c:\users\gawai\documents\3d_portfolio\3deditor\default\x64\debug\editorscene.obj
c:\users\gawai\documents\3d_portfolio\3deditor\default\x64\debug\3deditorview.obj
c:\users\gawai\documents\3d_portfolio\3deditor\default\x64\debug\3deditordoc.obj
c:\users\gawai\documents\3d_portfolio\bin\3deditor\3deditor.ilk
c:\users\gawai\documents\3d_portfolio\bin\3deditor\3deditor.exe
c:\users\gawai\documents\3d_portfolio\bin\3deditor\3deditor.pdb
c:\users\gawai\documents\3d_portfolio\3deditor\default\x64\debug\3deditor.res
c:\users\gawai\documents\3d_portfolio\3deditor\default\../../bin/3deditor/3deditor.pdb
c:\users\gawai\documents\3d_portfolio\3deditor\default\../../bin/3deditor/3deditor.exe
c:\users\gawai\documents\3d_portfolio\3deditor\default\../../bin/3deditor/3deditor.ilk
c:\users\gawai\documents\3d_portfolio\3deditor\default\x64\debug\3deditor.tlog\cl.command.1.tlog
c:\users\gawai\documents\3d_portfolio\3deditor\default\x64\debug\3deditor.tlog\cl.read.1.tlog
c:\users\gawai\documents\3d_portfolio\3deditor\default\x64\debug\3deditor.tlog\cl.write.1.tlog
c:\users\gawai\documents\3d_portfolio\3deditor\default\x64\debug\3deditor.tlog\link.command.1.tlog
c:\users\gawai\documents\3d_portfolio\3deditor\default\x64\debug\3deditor.tlog\link.read.1.tlog
c:\users\gawai\documents\3d_portfolio\3deditor\default\x64\debug\3deditor.tlog\link.write.1.tlog
c:\users\gawai\documents\3d_portfolio\3deditor\default\x64\debug\3deditor.tlog\rc.command.1.tlog
c:\users\gawai\documents\3d_portfolio\3deditor\default\x64\debug\3deditor.tlog\rc.read.1.tlog
c:\users\gawai\documents\3d_portfolio\3deditor\default\x64\debug\3deditor.tlog\rc.write.1.tlog
